<?xml version="1.0" encoding="UTF-8"?>
<!-- Generated by org.testng.reporters.JUnitReportReporter -->
<testsuite skipped="0" hostname="Anjans-MacBook-Pro.local" name="APITesting.com.org.api.JsonServerRequests" tests="1" failures="0" timestamp="02 Mar 2018 10:56:44 GMT" time="1.718" errors="0">
  <testcase name="Post_1" time="1.718" classname="APITesting.com.org.api.JsonServerRequests"/>
</testsuite> <!-- APITesting.com.org.api.JsonServerRequests -->
