<?xml version="1.0" encoding="UTF-8"?>
<!-- Generated by org.testng.reporters.JUnitReportReporter -->
<testsuite skipped="0" hostname="Anjans-MacBook-Pro.local" name="generating.complex.Objects.POST.requests.Complex_Post" tests="1" failures="0" timestamp="05 Mar 2018 07:51:30 GMT" time="8.510" errors="0">
  <testcase name="com_post" time="8.510" classname="generating.complex.Objects.POST.requests.Complex_Post"/>
</testsuite> <!-- generating.complex.Objects.POST.requests.Complex_Post -->
