<?xml version="1.0" encoding="UTF-8"?>
<!-- Generated by org.testng.reporters.JUnitReportReporter -->
<testsuite skipped="0" hostname="Anjans-MacBook-Pro.local" name="APITesting.com.org.api.WeatherAPIGetRequest" tests="4" failures="0" timestamp="12 Mar 2018 07:05:24 GMT" time="17.763" errors="0">
  <testcase name="How_to_handle_GET_request" time="4.064" classname="APITesting.com.org.api.WeatherAPIGetRequest"/>
  <testcase name="find_City_By_ID" time="4.058" classname="APITesting.com.org.api.WeatherAPIGetRequest"/>
  <testcase name="Using_parameters_and_Authorization" time="4.049" classname="APITesting.com.org.api.WeatherAPIGetRequest"/>
  <testcase name="Extracting_Actual_Results_form_API" time="5.592" classname="APITesting.com.org.api.WeatherAPIGetRequest"/>
</testsuite> <!-- APITesting.com.org.api.WeatherAPIGetRequest -->
