<?xml version="1.0" encoding="UTF-8"?>
<!-- Generated by org.testng.reporters.JUnitReportReporter -->
<testsuite skipped="0" hostname="Anjans-MacBook-Pro.local" name="calculating.response.time.ResponseTime" tests="1" failures="0" timestamp="05 Mar 2018 10:55:47 GMT" time="1.937" errors="0">
  <testcase name="response_Time" time="1.937" classname="calculating.response.time.ResponseTime"/>
</testsuite> <!-- calculating.response.time.ResponseTime -->
