<?xml version="1.0" encoding="UTF-8"?>
<!-- Generated by org.testng.reporters.JUnitReportReporter -->
<testsuite skipped="0" hostname="Anjans-MacBook-Pro.local" name="generating.complex.Objects.POST.requests.POSTarrays" tests="1" failures="0" timestamp="05 Mar 2018 10:40:47 GMT" time="4.103" errors="0">
  <testcase name="postArra" time="4.103" classname="generating.complex.Objects.POST.requests.POSTarrays"/>
</testsuite> <!-- generating.complex.Objects.POST.requests.POSTarrays -->
