<?xml version="1.0" encoding="UTF-8"?>
<!-- Generated by org.testng.reporters.JUnitReportReporter -->
<testsuite skipped="0" hostname="Anjans-MacBook-Pro.local" name="APITesting.com.org.api.Post3" tests="1" failures="0" timestamp="02 Mar 2018 11:57:13 GMT" time="1.791" errors="0">
  <testcase name="test_DELETE" time="1.791" classname="APITesting.com.org.api.Post3"/>
</testsuite> <!-- APITesting.com.org.api.Post3 -->
